<?xml version="1.0" encoding="UTF-8"?>
<testng-results skipped="0" failed="0" ignored="0" total="1" passed="1">
  <reporter-output>
  </reporter-output>
  <suite name="Default suite" duration-ms="221275" started-at="2020-11-04T12:32:01 IST" finished-at="2020-11-04T12:35:42 IST">
    <groups>
    </groups>
    <test name="Default test" duration-ms="221275" started-at="2020-11-04T12:32:01 IST" finished-at="2020-11-04T12:35:42 IST">
      <class name="com.amazon.tests.Test1">
        <test-method status="PASS" signature="Setup()[pri:0, instance:com.amazon.tests.Test1@3e57cd70]" name="Setup" is-config="true" duration-ms="27624" started-at="2020-11-04T12:32:01 IST" finished-at="2020-11-04T12:32:28 IST">
          <reporter-output>
          </reporter-output>
        </test-method> <!-- Setup -->
        <test-method status="PASS" signature="VerifyItemDataInCartView(java.lang.String, java.lang.String, java.lang.String)[pri:0, instance:com.amazon.tests.Test1@3e57cd70]" name="VerifyItemDataInCartView" duration-ms="192954" started-at="2020-11-04T12:32:28 IST" data-provider="InputData" finished-at="2020-11-04T12:35:41 IST">
          <params>
            <param index="0">
              <value>
                <![CDATA[Redmi Note 9 Pro]]>
              </value>
            </param>
            <param index="1">
              <value>
                <![CDATA[navyashree.n13@gmail.com]]>
              </value>
            </param>
            <param index="2">
              <value>
                <![CDATA[na13vy02a94]]>
              </value>
            </param>
          </params>
          <reporter-output>
          </reporter-output>
        </test-method> <!-- VerifyItemDataInCartView -->
        <test-method status="PASS" signature="Cleanup()[pri:0, instance:com.amazon.tests.Test1@3e57cd70]" name="Cleanup" is-config="true" duration-ms="547" started-at="2020-11-04T12:35:41 IST" finished-at="2020-11-04T12:35:42 IST">
          <reporter-output>
          </reporter-output>
        </test-method> <!-- Cleanup -->
      </class> <!-- com.amazon.tests.Test1 -->
    </test> <!-- Default test -->
  </suite> <!-- Default suite -->
</testng-results>
